Build started 1/3/2021 22:32:09.
     1>Project "F:\Universidad\Estructura de datos\3 examples Create Class\Example create class (3)\Example create class (3)\Example create class (3).vcxproj" on node 2 (build target(s)).
     1>InitializeBuildStatus:
         Creating "Debug\Example create class (3).unsuccessfulbuild" because "AlwaysCreate" was specified.
       GenerateTargetFrameworkMonikerAttribute:
       Skipping target "GenerateTargetFrameworkMonikerAttribute" because all output files are up-to-date with respect to the input files.
       ClCompile:
         All outputs are up-to-date.
         f:\Visual Studio\VC\bin\CL.exe /c /AI"C:\Program Files (x86)\Reference Assemblies\Microsoft\Framework\.NETFramework\v4.0" /Zi /clr:pure /nologo /W3 /WX- /Od /Oy- /D WIN32 /D _DEBUG /D _UNICODE /D UNICODE /EHa /MDd /GS /fp:precise /Zc:wchar_t /Zc:forScope /Yu"StdAfx.h" /Fp"Debug\Example create class (3).pch" /Fo"Debug\\" /Fd"Debug\vc100.pdb" /TP /FU"C:\Program Files (x86)\Reference Assemblies\Microsoft\Framework\.NETFramework\v4.0\System.Core.dll" /FU"C:\Program Files (x86)\Reference Assemblies\Microsoft\Framework\.NETFramework\v4.0\System.Data.dll" /FU"C:\Program Files (x86)\Reference Assemblies\Microsoft\Framework\.NETFramework\v4.0\System.dll" /FU"C:\Program Files (x86)\Reference Assemblies\Microsoft\Framework\.NETFramework\v4.0\System.Drawing.dll" /FU"C:\Program Files (x86)\Reference Assemblies\Microsoft\Framework\.NETFramework\v4.0\System.Windows.Forms.dll" /FU"C:\Program Files (x86)\Reference Assemblies\Microsoft\Framework\.NETFramework\v4.0\System.Xml.dll" /analyze- /errorReport:prompt "Example create class (3).cpp" /clr:nostdlib 
         Example create class (3).cpp
     1>f:\universidad\estructura de datos\3 examples create class\example create class (3)\example create class (3)\Form1.h(127): warning C4244: '=' : conversion from 'double' to 'int', possible loss of data
     1>f:\universidad\estructura de datos\3 examples create class\example create class (3)\example create class (3)\Form1.h(135): warning C4244: 'argument' : conversion from 'double' to 'int', possible loss of data
         All outputs are up-to-date.
       CoreResGen:
         No resources are out of date with respect to their source files. Skipping resource generation.
       ResourceCompile:
         All outputs are up-to-date.
       Link:
         f:\Visual Studio\VC\bin\link.exe /ERRORREPORT:PROMPT /OUT:"F:\Universidad\Estructura de datos\3 examples Create Class\Example create class (3)\Debug\Example create class (3).exe" /INCREMENTAL /NOLOGO /ASSEMBLYRESOURCE:Debug\Examplecreateclass3.Form1.resources /MANIFEST /ManifestFile:"Debug\Example create class (3).exe.intermediate.manifest" /MANIFESTUAC:"level='asInvoker' uiAccess='false'" /DEBUG /PDB:"F:\Universidad\Estructura de datos\3 examples Create Class\Example create class (3)\Debug\Example create class (3).pdb" /ASSEMBLYDEBUG /SUBSYSTEM:WINDOWS /TLBID:1 /ENTRY:"main" /DYNAMICBASE /FIXED:NO /NXCOMPAT /MACHINE:X86 Debug\app.res
         Debug\AssemblyInfo.obj
         Debug\BitsToBytes.obj
         Debug\Contador_votos.obj
         "Debug\Example create class (3).obj"
         Debug\stdafx.obj
         "Debug\.NETFramework,Version=v4.0.AssemblyAttributes.obj"
         Example create class (3).vcxproj -> F:\Universidad\Estructura de datos\3 examples Create Class\Example create class (3)\Debug\Example create class (3).exe
       Manifest:
         C:\Program Files (x86)\Microsoft SDKs\Windows\v7.0A\bin\mt.exe /nologo /verbose /outputresource:"F:\Universidad\Estructura de datos\3 examples Create Class\Example create class (3)\Debug\Example create class (3).exe;#1" /manifest "Debug\Example create class (3).exe.intermediate.manifest"
       FinalizeBuildStatus:
         Deleting file "Debug\Example create class (3).unsuccessfulbuild".
         Touching "Debug\Example create class (3).lastbuildstate".
     1>Done Building Project "F:\Universidad\Estructura de datos\3 examples Create Class\Example create class (3)\Example create class (3)\Example create class (3).vcxproj" (build target(s)).

Build succeeded.

Time Elapsed 00:00:02.27
